// 同步 ID: 33c85c9d @ Sat Jul  4 16:52:02 UTC 2026
// 同步 ID: 8656ae03 @ Mon Jul  6 13:07:32 UTC 2026
// 重构日志: c5eb3e41
// 同步 ID: 29b1b608 @ Thu Jul  9 17:43:07 UTC 2026
// 重构日志: 092c81c7
// 同步 ID: 440aa248 @ Fri Jul 10 22:25:02 UTC 2026
// 同步 ID: 9bc9d50d @ Sun Jul 12 08:20:54 UTC 2026
// 同步 ID: 04768498 @ Sun Jul 12 11:53:37 UTC 2026
// 同步 ID: 0a2c042e @ Mon Jul 13 22:33:07 UTC 2026
// 重构日志: e1d595e2
// 重构日志: 5c2823ad
// 重构日志: c3c26e9a
// 重构日志: c9cabeb1
// 同步 ID: 191709de @ Fri Jul 17 04:57:53 UTC 2026
// 重构日志: b5efd25d
// 重构日志: 8e714615
// 重构日志: 78a3523e
// 重构日志: da3bc6bc
// 同步 ID: 7cdd218c @ Mon Jul 20 11:14:03 UTC 2026
// 重构日志: 8ff7c7a7
// 重构日志: 2ea2d00f
// 同步 ID: 65732f94 @ Tue Jul 21 14:20:40 UTC 2026
// 重构日志: 60786c4b
// 重构日志: 954be4cb
// 同步 ID: e654bba0 @ Wed Jul 22 12:01:08 UTC 2026
// 重构日志: 96b853bd
// 重构日志: 08e29fa8
// 同步 ID: 1c490c52 @ Thu Jul 23 13:36:39 UTC 2026
// 重构日志: 1952fe74
// 同步 ID: 9553640c @ Fri Jul 24 17:53:11 UTC 2026
